mode: count
github.com/Mobo140/microservices/auth/internal/service/user/service.go:29.9,35.2 1 0
github.com/Mobo140/microservices/auth/internal/service/user/service.go:37.77,39.71 2 0
github.com/Mobo140/microservices/auth/internal/service/user/service.go:39.71,41.67 2 0
github.com/Mobo140/microservices/auth/internal/service/user/service.go:41.67,43.4 1 0
github.com/Mobo140/microservices/auth/internal/service/user/service.go:45.3,51.19 3 0
github.com/Mobo140/microservices/auth/internal/service/user/service.go:51.19,53.4 1 0
github.com/Mobo140/microservices/auth/internal/service/user/service.go:55.3,55.13 1 0
github.com/Mobo140/microservices/auth/internal/service/user/service.go:58.2,58.16 1 0
github.com/Mobo140/microservices/auth/internal/service/user/service.go:58.16,60.3 1 0
github.com/Mobo140/microservices/auth/internal/service/user/service.go:62.2,62.16 1 0
github.com/Mobo140/microservices/auth/internal/service/user/service.go:65.76,67.71 2 0
github.com/Mobo140/microservices/auth/internal/service/user/service.go:67.71,69.64 2 0
github.com/Mobo140/microservices/auth/internal/service/user/service.go:69.64,71.4 1 0
github.com/Mobo140/microservices/auth/internal/service/user/service.go:73.3,79.19 3 0
github.com/Mobo140/microservices/auth/internal/service/user/service.go:79.19,81.4 1 0
github.com/Mobo140/microservices/auth/internal/service/user/service.go:83.3,83.13 1 0
github.com/Mobo140/microservices/auth/internal/service/user/service.go:86.2,86.16 1 0
github.com/Mobo140/microservices/auth/internal/service/user/service.go:86.16,88.3 1 0
github.com/Mobo140/microservices/auth/internal/service/user/service.go:90.2,90.18 1 0
github.com/Mobo140/microservices/auth/internal/service/user/service.go:93.88,94.71 1 0
github.com/Mobo140/microservices/auth/internal/service/user/service.go:94.71,96.67 2 0
github.com/Mobo140/microservices/auth/internal/service/user/service.go:96.67,98.4 1 0
github.com/Mobo140/microservices/auth/internal/service/user/service.go:100.3,106.19 3 0
github.com/Mobo140/microservices/auth/internal/service/user/service.go:106.19,108.4 1 0
github.com/Mobo140/microservices/auth/internal/service/user/service.go:110.3,110.13 1 0
github.com/Mobo140/microservices/auth/internal/service/user/service.go:113.2,113.12 1 0
github.com/Mobo140/microservices/auth/internal/service/user/service.go:116.60,117.71 1 0
github.com/Mobo140/microservices/auth/internal/service/user/service.go:117.71,119.61 2 0
github.com/Mobo140/microservices/auth/internal/service/user/service.go:119.61,121.4 1 0
github.com/Mobo140/microservices/auth/internal/service/user/service.go:123.3,129.19 3 0
github.com/Mobo140/microservices/auth/internal/service/user/service.go:129.19,131.4 1 0
github.com/Mobo140/microservices/auth/internal/service/user/service.go:133.3,133.13 1 0
github.com/Mobo140/microservices/auth/internal/service/user/service.go:136.2,136.12 1 0
github.com/Mobo140/microservices/auth/internal/transport/user/handler.go:21.73,25.2 1 0
github.com/Mobo140/microservices/auth/internal/transport/user/handler.go:27.109,29.16 2 0
github.com/Mobo140/microservices/auth/internal/transport/user/handler.go:29.16,31.3 1 0
github.com/Mobo140/microservices/auth/internal/transport/user/handler.go:33.2,34.16 2 0
github.com/Mobo140/microservices/auth/internal/transport/user/handler.go:34.16,36.3 1 0
github.com/Mobo140/microservices/auth/internal/transport/user/handler.go:38.2,40.42 2 0
github.com/Mobo140/microservices/auth/internal/transport/user/handler.go:43.100,45.16 2 0
github.com/Mobo140/microservices/auth/internal/transport/user/handler.go:45.16,47.3 1 0
github.com/Mobo140/microservices/auth/internal/transport/user/handler.go:49.2,54.16 3 0
github.com/Mobo140/microservices/auth/internal/transport/user/handler.go:54.16,56.3 1 0
github.com/Mobo140/microservices/auth/internal/transport/user/handler.go:58.2,60.8 1 0
github.com/Mobo140/microservices/auth/internal/transport/user/handler.go:63.103,65.16 2 0
github.com/Mobo140/microservices/auth/internal/transport/user/handler.go:65.16,67.3 1 0
github.com/Mobo140/microservices/auth/internal/transport/user/handler.go:69.2,70.16 2 0
github.com/Mobo140/microservices/auth/internal/transport/user/handler.go:70.16,72.3 1 0
github.com/Mobo140/microservices/auth/internal/transport/user/handler.go:74.2,74.30 1 0
github.com/Mobo140/microservices/auth/internal/transport/user/handler.go:77.103,79.16 2 0
github.com/Mobo140/microservices/auth/internal/transport/user/handler.go:79.16,81.3 1 0
github.com/Mobo140/microservices/auth/internal/transport/user/handler.go:83.2,83.30 1 0
github.com/Mobo140/microservices/auth/internal/service/user/service.go:29.9,35.2 1 80
github.com/Mobo140/microservices/auth/internal/service/user/service.go:37.77,39.71 2 20
github.com/Mobo140/microservices/auth/internal/service/user/service.go:39.71,41.67 2 15
github.com/Mobo140/microservices/auth/internal/service/user/service.go:41.67,43.4 1 5
github.com/Mobo140/microservices/auth/internal/service/user/service.go:45.3,51.19 3 10
github.com/Mobo140/microservices/auth/internal/service/user/service.go:51.19,53.4 1 5
github.com/Mobo140/microservices/auth/internal/service/user/service.go:55.3,55.13 1 5
github.com/Mobo140/microservices/auth/internal/service/user/service.go:58.2,58.16 1 20
github.com/Mobo140/microservices/auth/internal/service/user/service.go:58.16,60.3 1 15
github.com/Mobo140/microservices/auth/internal/service/user/service.go:62.2,62.16 1 5
github.com/Mobo140/microservices/auth/internal/service/user/service.go:65.76,67.71 2 20
github.com/Mobo140/microservices/auth/internal/service/user/service.go:67.71,69.64 2 15
github.com/Mobo140/microservices/auth/internal/service/user/service.go:69.64,71.4 1 5
github.com/Mobo140/microservices/auth/internal/service/user/service.go:73.3,79.19 3 10
github.com/Mobo140/microservices/auth/internal/service/user/service.go:79.19,81.4 1 5
github.com/Mobo140/microservices/auth/internal/service/user/service.go:83.3,83.13 1 5
github.com/Mobo140/microservices/auth/internal/service/user/service.go:86.2,86.16 1 20
github.com/Mobo140/microservices/auth/internal/service/user/service.go:86.16,88.3 1 15
github.com/Mobo140/microservices/auth/internal/service/user/service.go:90.2,90.18 1 5
github.com/Mobo140/microservices/auth/internal/service/user/service.go:93.88,94.71 1 20
github.com/Mobo140/microservices/auth/internal/service/user/service.go:94.71,96.67 2 15
github.com/Mobo140/microservices/auth/internal/service/user/service.go:96.67,98.4 1 5
github.com/Mobo140/microservices/auth/internal/service/user/service.go:100.3,106.19 3 10
github.com/Mobo140/microservices/auth/internal/service/user/service.go:106.19,108.4 1 5
github.com/Mobo140/microservices/auth/internal/service/user/service.go:110.3,110.13 1 5
github.com/Mobo140/microservices/auth/internal/service/user/service.go:113.2,113.12 1 20
github.com/Mobo140/microservices/auth/internal/service/user/service.go:116.60,117.71 1 20
github.com/Mobo140/microservices/auth/internal/service/user/service.go:117.71,119.61 2 15
github.com/Mobo140/microservices/auth/internal/service/user/service.go:119.61,121.4 1 5
github.com/Mobo140/microservices/auth/internal/service/user/service.go:123.3,129.19 3 10
github.com/Mobo140/microservices/auth/internal/service/user/service.go:129.19,131.4 1 5
github.com/Mobo140/microservices/auth/internal/service/user/service.go:133.3,133.13 1 5
github.com/Mobo140/microservices/auth/internal/service/user/service.go:136.2,136.12 1 20
github.com/Mobo140/microservices/auth/internal/transport/user/handler.go:21.73,25.2 1 0
github.com/Mobo140/microservices/auth/internal/transport/user/handler.go:27.109,29.16 2 0
github.com/Mobo140/microservices/auth/internal/transport/user/handler.go:29.16,31.3 1 0
github.com/Mobo140/microservices/auth/internal/transport/user/handler.go:33.2,34.16 2 0
github.com/Mobo140/microservices/auth/internal/transport/user/handler.go:34.16,36.3 1 0
github.com/Mobo140/microservices/auth/internal/transport/user/handler.go:38.2,40.42 2 0
github.com/Mobo140/microservices/auth/internal/transport/user/handler.go:43.100,45.16 2 0
github.com/Mobo140/microservices/auth/internal/transport/user/handler.go:45.16,47.3 1 0
github.com/Mobo140/microservices/auth/internal/transport/user/handler.go:49.2,54.16 3 0
github.com/Mobo140/microservices/auth/internal/transport/user/handler.go:54.16,56.3 1 0
github.com/Mobo140/microservices/auth/internal/transport/user/handler.go:58.2,60.8 1 0
github.com/Mobo140/microservices/auth/internal/transport/user/handler.go:63.103,65.16 2 0
github.com/Mobo140/microservices/auth/internal/transport/user/handler.go:65.16,67.3 1 0
github.com/Mobo140/microservices/auth/internal/transport/user/handler.go:69.2,70.16 2 0
github.com/Mobo140/microservices/auth/internal/transport/user/handler.go:70.16,72.3 1 0
github.com/Mobo140/microservices/auth/internal/transport/user/handler.go:74.2,74.30 1 0
github.com/Mobo140/microservices/auth/internal/transport/user/handler.go:77.103,79.16 2 0
github.com/Mobo140/microservices/auth/internal/transport/user/handler.go:79.16,81.3 1 0
github.com/Mobo140/microservices/auth/internal/transport/user/handler.go:83.2,83.30 1 0
github.com/Mobo140/microservices/auth/internal/service/user/service.go:29.9,35.2 1 0
github.com/Mobo140/microservices/auth/internal/service/user/service.go:37.77,39.71 2 0
github.com/Mobo140/microservices/auth/internal/service/user/service.go:39.71,41.67 2 0
github.com/Mobo140/microservices/auth/internal/service/user/service.go:41.67,43.4 1 0
github.com/Mobo140/microservices/auth/internal/service/user/service.go:45.3,51.19 3 0
github.com/Mobo140/microservices/auth/internal/service/user/service.go:51.19,53.4 1 0
github.com/Mobo140/microservices/auth/internal/service/user/service.go:55.3,55.13 1 0
github.com/Mobo140/microservices/auth/internal/service/user/service.go:58.2,58.16 1 0
github.com/Mobo140/microservices/auth/internal/service/user/service.go:58.16,60.3 1 0
github.com/Mobo140/microservices/auth/internal/service/user/service.go:62.2,62.16 1 0
github.com/Mobo140/microservices/auth/internal/service/user/service.go:65.76,67.71 2 0
github.com/Mobo140/microservices/auth/internal/service/user/service.go:67.71,69.64 2 0
github.com/Mobo140/microservices/auth/internal/service/user/service.go:69.64,71.4 1 0
github.com/Mobo140/microservices/auth/internal/service/user/service.go:73.3,79.19 3 0
github.com/Mobo140/microservices/auth/internal/service/user/service.go:79.19,81.4 1 0
github.com/Mobo140/microservices/auth/internal/service/user/service.go:83.3,83.13 1 0
github.com/Mobo140/microservices/auth/internal/service/user/service.go:86.2,86.16 1 0
github.com/Mobo140/microservices/auth/internal/service/user/service.go:86.16,88.3 1 0
github.com/Mobo140/microservices/auth/internal/service/user/service.go:90.2,90.18 1 0
github.com/Mobo140/microservices/auth/internal/service/user/service.go:93.88,94.71 1 0
github.com/Mobo140/microservices/auth/internal/service/user/service.go:94.71,96.67 2 0
github.com/Mobo140/microservices/auth/internal/service/user/service.go:96.67,98.4 1 0
github.com/Mobo140/microservices/auth/internal/service/user/service.go:100.3,106.19 3 0
github.com/Mobo140/microservices/auth/internal/service/user/service.go:106.19,108.4 1 0
github.com/Mobo140/microservices/auth/internal/service/user/service.go:110.3,110.13 1 0
github.com/Mobo140/microservices/auth/internal/service/user/service.go:113.2,113.12 1 0
github.com/Mobo140/microservices/auth/internal/service/user/service.go:116.60,117.71 1 0
github.com/Mobo140/microservices/auth/internal/service/user/service.go:117.71,119.61 2 0
github.com/Mobo140/microservices/auth/internal/service/user/service.go:119.61,121.4 1 0
github.com/Mobo140/microservices/auth/internal/service/user/service.go:123.3,129.19 3 0
github.com/Mobo140/microservices/auth/internal/service/user/service.go:129.19,131.4 1 0
github.com/Mobo140/microservices/auth/internal/service/user/service.go:133.3,133.13 1 0
github.com/Mobo140/microservices/auth/internal/service/user/service.go:136.2,136.12 1 0
github.com/Mobo140/microservices/auth/internal/transport/user/handler.go:21.73,25.2 1 55
github.com/Mobo140/microservices/auth/internal/transport/user/handler.go:27.109,29.16 2 15
github.com/Mobo140/microservices/auth/internal/transport/user/handler.go:29.16,31.3 1 5
github.com/Mobo140/microservices/auth/internal/transport/user/handler.go:33.2,34.16 2 10
github.com/Mobo140/microservices/auth/internal/transport/user/handler.go:34.16,36.3 1 5
github.com/Mobo140/microservices/auth/internal/transport/user/handler.go:38.2,40.42 2 5
github.com/Mobo140/microservices/auth/internal/transport/user/handler.go:43.100,45.16 2 15
github.com/Mobo140/microservices/auth/internal/transport/user/handler.go:45.16,47.3 1 5
github.com/Mobo140/microservices/auth/internal/transport/user/handler.go:49.2,54.16 3 10
github.com/Mobo140/microservices/auth/internal/transport/user/handler.go:54.16,56.3 1 5
github.com/Mobo140/microservices/auth/internal/transport/user/handler.go:58.2,60.8 1 5
github.com/Mobo140/microservices/auth/internal/transport/user/handler.go:63.103,65.16 2 15
github.com/Mobo140/microservices/auth/internal/transport/user/handler.go:65.16,67.3 1 5
github.com/Mobo140/microservices/auth/internal/transport/user/handler.go:69.2,70.16 2 10
github.com/Mobo140/microservices/auth/internal/transport/user/handler.go:70.16,72.3 1 5
github.com/Mobo140/microservices/auth/internal/transport/user/handler.go:74.2,74.30 1 5
github.com/Mobo140/microservices/auth/internal/transport/user/handler.go:77.103,79.16 2 10
github.com/Mobo140/microservices/auth/internal/transport/user/handler.go:79.16,81.3 1 5
github.com/Mobo140/microservices/auth/internal/transport/user/handler.go:83.2,83.30 1 5
